{"/home/tiziano_di_gennaro/git/tidy-ui_game-settings/src/tidy-ui_game-settings.js": {"path":"/home/tiziano_di_gennaro/git/tidy-ui_game-settings/src/tidy-ui_game-settings.js","statementMap":{"0":{"start":{"line":2,"column":24},"end":{"line":2,"column":26}},"1":{"start":{"line":5,"column":0},"end":{"line":32,"column":null}},"2":{"start":{"line":7,"column":2},"end":{"line":7,"column":null}},"3":{"start":{"line":10,"column":2},"end":{"line":19,"column":null}},"4":{"start":{"line":15,"column":6},"end":{"line":18,"column":null}},"5":{"start":{"line":22,"column":2},"end":{"line":26,"column":null}},"6":{"start":{"line":23,"column":4},"end":{"line":25,"column":null}},"7":{"start":{"line":24,"column":6},"end":{"line":24,"column":null}},"8":{"start":{"line":28,"column":2},"end":{"line":31,"column":null}},"9":{"start":{"line":29,"column":21},"end":{"line":29,"column":77}},"10":{"start":{"line":30,"column":4},"end":{"line":30,"column":null}},"11":{"start":{"line":35,"column":0},"end":{"line":402,"column":null}},"12":{"start":{"line":37,"column":2},"end":{"line":37,"column":null}},"13":{"start":{"line":39,"column":13},"end":{"line":39,"column":30}},"14":{"start":{"line":40,"column":2},"end":{"line":42,"column":null}},"15":{"start":{"line":41,"column":4},"end":{"line":41,"column":null}},"16":{"start":{"line":45,"column":18},"end":{"line":47,"column":14}},"17":{"start":{"line":49,"column":17},"end":{"line":51,"column":14}},"18":{"start":{"line":53,"column":20},"end":{"line":55,"column":50}},"19":{"start":{"line":57,"column":20},"end":{"line":59,"column":50}},"20":{"start":{"line":61,"column":24},"end":{"line":65,"column":24}},"21":{"start":{"line":67,"column":24},"end":{"line":71,"column":24}},"22":{"start":{"line":73,"column":22},"end":{"line":79,"column":30}},"23":{"start":{"line":81,"column":22},"end":{"line":83,"column":66}},"24":{"start":{"line":86,"column":2},"end":{"line":86,"column":null}},"25":{"start":{"line":87,"column":2},"end":{"line":89,"column":null}},"26":{"start":{"line":90,"column":2},"end":{"line":90,"column":null}},"27":{"start":{"line":92,"column":2},"end":{"line":94,"column":null}},"28":{"start":{"line":96,"column":21},"end":{"line":96,"column":54}},"29":{"start":{"line":97,"column":20},"end":{"line":97,"column":52}},"30":{"start":{"line":100,"column":16},"end":{"line":100,"column":43}},"31":{"start":{"line":101,"column":2},"end":{"line":108,"column":null}},"32":{"start":{"line":102,"column":24},"end":{"line":102,"column":38}},"33":{"start":{"line":103,"column":24},"end":{"line":106,"column":25}},"34":{"start":{"line":107,"column":4},"end":{"line":107,"column":null}},"35":{"start":{"line":112,"column":18},"end":{"line":112,"column":56}},"36":{"start":{"line":113,"column":18},"end":{"line":113,"column":56}},"37":{"start":{"line":114,"column":4},"end":{"line":114,"column":null}},"38":{"start":{"line":117,"column":22},"end":{"line":117,"column":84}},"39":{"start":{"line":118,"column":2},"end":{"line":121,"column":null}},"40":{"start":{"line":119,"column":19},"end":{"line":119,"column":47}},"41":{"start":{"line":120,"column":4},"end":{"line":120,"column":null}},"42":{"start":{"line":124,"column":2},"end":{"line":130,"column":null}},"43":{"start":{"line":125,"column":4},"end":{"line":125,"column":null}},"44":{"start":{"line":126,"column":21},"end":{"line":128,"column":5}},"45":{"start":{"line":129,"column":4},"end":{"line":129,"column":null}},"46":{"start":{"line":133,"column":2},"end":{"line":137,"column":null}},"47":{"start":{"line":134,"column":4},"end":{"line":134,"column":null}},"48":{"start":{"line":135,"column":21},"end":{"line":135,"column":65}},"49":{"start":{"line":136,"column":4},"end":{"line":136,"column":null}},"50":{"start":{"line":140,"column":24},"end":{"line":140,"column":26}},"51":{"start":{"line":141,"column":15},"end":{"line":141,"column":17}},"52":{"start":{"line":142,"column":21},"end":{"line":142,"column":26}},"53":{"start":{"line":144,"column":23},"end":{"line":144,"column":51}},"54":{"start":{"line":145,"column":23},"end":{"line":145,"column":51}},"55":{"start":{"line":146,"column":27},"end":{"line":146,"column":60}},"56":{"start":{"line":147,"column":29},"end":{"line":147,"column":64}},"57":{"start":{"line":148,"column":27},"end":{"line":148,"column":60}},"58":{"start":{"line":149,"column":30},"end":{"line":149,"column":66}},"59":{"start":{"line":152,"column":2},"end":{"line":243,"column":null}},"60":{"start":{"line":153,"column":4},"end":{"line":153,"column":null}},"61":{"start":{"line":156,"column":23},"end":{"line":156,"column":25}},"62":{"start":{"line":157,"column":25},"end":{"line":157,"column":27}},"63":{"start":{"line":158,"column":4},"end":{"line":158,"column":null}},"64":{"start":{"line":159,"column":4},"end":{"line":159,"column":null}},"65":{"start":{"line":161,"column":24},"end":{"line":161,"column":26}},"66":{"start":{"line":162,"column":26},"end":{"line":162,"column":28}},"67":{"start":{"line":163,"column":29},"end":{"line":163,"column":97}},"68":{"start":{"line":164,"column":31},"end":{"line":164,"column":111}},"69":{"start":{"line":166,"column":4},"end":{"line":166,"column":null}},"70":{"start":{"line":167,"column":4},"end":{"line":167,"column":null}},"71":{"start":{"line":170,"column":4},"end":{"line":198,"column":null}},"72":{"start":{"line":170,"column":17},"end":{"line":170,"column":18}},"73":{"start":{"line":171,"column":23},"end":{"line":171,"column":45}},"74":{"start":{"line":172,"column":24},"end":{"line":172,"column":52}},"75":{"start":{"line":173,"column":26},"end":{"line":173,"column":72}},"76":{"start":{"line":174,"column":23},"end":{"line":174,"column":44}},"77":{"start":{"line":175,"column":20},"end":{"line":175,"column":64}},"78":{"start":{"line":177,"column":6},"end":{"line":179,"column":null}},"79":{"start":{"line":178,"column":8},"end":{"line":178,"column":null}},"80":{"start":{"line":182,"column":6},"end":{"line":184,"column":null}},"81":{"start":{"line":183,"column":8},"end":{"line":183,"column":null}},"82":{"start":{"line":186,"column":6},"end":{"line":190,"column":null}},"83":{"start":{"line":187,"column":8},"end":{"line":187,"column":null}},"84":{"start":{"line":189,"column":8},"end":{"line":189,"column":null}},"85":{"start":{"line":192,"column":24},"end":{"line":196,"column":7}},"86":{"start":{"line":197,"column":6},"end":{"line":197,"column":null}},"87":{"start":{"line":201,"column":4},"end":{"line":229,"column":null}},"88":{"start":{"line":201,"column":17},"end":{"line":201,"column":18}},"89":{"start":{"line":202,"column":23},"end":{"line":202,"column":47}},"90":{"start":{"line":203,"column":24},"end":{"line":203,"column":52}},"91":{"start":{"line":204,"column":26},"end":{"line":204,"column":72}},"92":{"start":{"line":205,"column":23},"end":{"line":205,"column":44}},"93":{"start":{"line":206,"column":20},"end":{"line":206,"column":64}},"94":{"start":{"line":208,"column":6},"end":{"line":210,"column":null}},"95":{"start":{"line":209,"column":8},"end":{"line":209,"column":null}},"96":{"start":{"line":213,"column":6},"end":{"line":215,"column":null}},"97":{"start":{"line":214,"column":8},"end":{"line":214,"column":null}},"98":{"start":{"line":217,"column":6},"end":{"line":221,"column":null}},"99":{"start":{"line":218,"column":8},"end":{"line":218,"column":null}},"100":{"start":{"line":220,"column":8},"end":{"line":220,"column":null}},"101":{"start":{"line":223,"column":24},"end":{"line":227,"column":7}},"102":{"start":{"line":228,"column":6},"end":{"line":228,"column":null}},"103":{"start":{"line":232,"column":20},"end":{"line":232,"column":120}},"104":{"start":{"line":233,"column":4},"end":{"line":238,"column":null}},"105":{"start":{"line":240,"column":4},"end":{"line":240,"column":null}},"106":{"start":{"line":241,"column":4},"end":{"line":241,"column":null}},"107":{"start":{"line":242,"column":4},"end":{"line":242,"column":null}},"108":{"start":{"line":246,"column":2},"end":{"line":262,"column":null}},"109":{"start":{"line":247,"column":4},"end":{"line":247,"column":null}},"110":{"start":{"line":248,"column":21},"end":{"line":248,"column":48}},"111":{"start":{"line":251,"column":4},"end":{"line":260,"column":null}},"112":{"start":{"line":252,"column":6},"end":{"line":254,"column":null}},"113":{"start":{"line":253,"column":8},"end":{"line":253,"column":null}},"114":{"start":{"line":257,"column":6},"end":{"line":257,"column":null}},"115":{"start":{"line":258,"column":6},"end":{"line":258,"column":null}},"116":{"start":{"line":259,"column":6},"end":{"line":259,"column":null}},"117":{"start":{"line":261,"column":4},"end":{"line":261,"column":null}},"118":{"start":{"line":265,"column":2},"end":{"line":269,"column":null}},"119":{"start":{"line":266,"column":4},"end":{"line":266,"column":null}},"120":{"start":{"line":267,"column":27},"end":{"line":267,"column":56}},"121":{"start":{"line":268,"column":4},"end":{"line":268,"column":null}},"122":{"start":{"line":272,"column":2},"end":{"line":278,"column":null}},"123":{"start":{"line":273,"column":4},"end":{"line":273,"column":null}},"124":{"start":{"line":274,"column":4},"end":{"line":277,"column":null}},"125":{"start":{"line":275,"column":6},"end":{"line":275,"column":null}},"126":{"start":{"line":276,"column":6},"end":{"line":276,"column":null}},"127":{"start":{"line":281,"column":2},"end":{"line":288,"column":null}},"128":{"start":{"line":282,"column":4},"end":{"line":282,"column":null}},"129":{"start":{"line":283,"column":4},"end":{"line":283,"column":null}},"130":{"start":{"line":284,"column":4},"end":{"line":284,"column":null}},"131":{"start":{"line":285,"column":4},"end":{"line":285,"column":null}},"132":{"start":{"line":286,"column":4},"end":{"line":286,"column":null}},"133":{"start":{"line":287,"column":4},"end":{"line":287,"column":null}},"134":{"start":{"line":291,"column":2},"end":{"line":296,"column":null}},"135":{"start":{"line":292,"column":4},"end":{"line":292,"column":null}},"136":{"start":{"line":293,"column":18},"end":{"line":293,"column":57}},"137":{"start":{"line":294,"column":4},"end":{"line":294,"column":null}},"138":{"start":{"line":295,"column":4},"end":{"line":295,"column":null}},"139":{"start":{"line":299,"column":17},"end":{"line":299,"column":30}},"140":{"start":{"line":300,"column":4},"end":{"line":303,"column":null}},"141":{"start":{"line":301,"column":6},"end":{"line":301,"column":null}},"142":{"start":{"line":302,"column":6},"end":{"line":302,"column":null}},"143":{"start":{"line":305,"column":4},"end":{"line":328,"column":null}},"144":{"start":{"line":306,"column":6},"end":{"line":327,"column":null}},"145":{"start":{"line":307,"column":8},"end":{"line":307,"column":null}},"146":{"start":{"line":308,"column":34},"end":{"line":308,"column":52}},"147":{"start":{"line":309,"column":22},"end":{"line":309,"column":59}},"148":{"start":{"line":311,"column":8},"end":{"line":311,"column":null}},"149":{"start":{"line":312,"column":8},"end":{"line":315,"column":null}},"150":{"start":{"line":312,"column":21},"end":{"line":312,"column":22}},"151":{"start":{"line":313,"column":10},"end":{"line":313,"column":null}},"152":{"start":{"line":314,"column":10},"end":{"line":314,"column":null}},"153":{"start":{"line":317,"column":8},"end":{"line":322,"column":null}},"154":{"start":{"line":323,"column":8},"end":{"line":323,"column":null}},"155":{"start":{"line":325,"column":8},"end":{"line":325,"column":null}},"156":{"start":{"line":326,"column":8},"end":{"line":326,"column":null}},"157":{"start":{"line":332,"column":2},"end":{"line":385,"column":null}},"158":{"start":{"line":333,"column":4},"end":{"line":333,"column":null}},"159":{"start":{"line":335,"column":4},"end":{"line":366,"column":null}},"160":{"start":{"line":336,"column":26},"end":{"line":336,"column":72}},"161":{"start":{"line":338,"column":6},"end":{"line":341,"column":null}},"162":{"start":{"line":339,"column":8},"end":{"line":339,"column":null}},"163":{"start":{"line":340,"column":8},"end":{"line":340,"column":null}},"164":{"start":{"line":343,"column":6},"end":{"line":365,"column":null}},"165":{"start":{"line":344,"column":8},"end":{"line":344,"column":null}},"166":{"start":{"line":345,"column":8},"end":{"line":361,"column":null}},"167":{"start":{"line":346,"column":36},"end":{"line":346,"column":59}},"168":{"start":{"line":347,"column":10},"end":{"line":347,"column":null}},"169":{"start":{"line":349,"column":10},"end":{"line":356,"column":null}},"170":{"start":{"line":350,"column":12},"end":{"line":352,"column":null}},"171":{"start":{"line":350,"column":25},"end":{"line":350,"column":26}},"172":{"start":{"line":351,"column":14},"end":{"line":351,"column":null}},"173":{"start":{"line":354,"column":12},"end":{"line":354,"column":null}},"174":{"start":{"line":355,"column":12},"end":{"line":355,"column":null}},"175":{"start":{"line":358,"column":10},"end":{"line":358,"column":null}},"176":{"start":{"line":359,"column":10},"end":{"line":359,"column":null}},"177":{"start":{"line":360,"column":10},"end":{"line":360,"column":null}},"178":{"start":{"line":363,"column":8},"end":{"line":363,"column":null}},"179":{"start":{"line":364,"column":8},"end":{"line":364,"column":null}},"180":{"start":{"line":369,"column":4},"end":{"line":369,"column":null}},"181":{"start":{"line":372,"column":4},"end":{"line":376,"column":null}},"182":{"start":{"line":372,"column":17},"end":{"line":372,"column":18}},"183":{"start":{"line":373,"column":6},"end":{"line":375,"column":null}},"184":{"start":{"line":378,"column":4},"end":{"line":382,"column":null}},"185":{"start":{"line":379,"column":6},"end":{"line":379,"column":null}},"186":{"start":{"line":380,"column":6},"end":{"line":380,"column":null}},"187":{"start":{"line":381,"column":6},"end":{"line":381,"column":null}},"188":{"start":{"line":384,"column":4},"end":{"line":384,"column":null}},"189":{"start":{"line":389,"column":4},"end":{"line":389,"column":null}},"190":{"start":{"line":389,"column":27},"end":{"line":389,"column":null}},"191":{"start":{"line":390,"column":4},"end":{"line":395,"column":null}},"192":{"start":{"line":391,"column":6},"end":{"line":391,"column":null}},"193":{"start":{"line":392,"column":6},"end":{"line":392,"column":null}},"194":{"start":{"line":394,"column":6},"end":{"line":394,"column":null}},"195":{"start":{"line":399,"column":2},"end":{"line":401,"column":null}},"196":{"start":{"line":400,"column":4},"end":{"line":400,"column":null}},"197":{"start":{"line":405,"column":0},"end":{"line":414,"column":null}},"198":{"start":{"line":406,"column":2},"end":{"line":413,"column":null}}},"fnMap":{"0":{"name":"(anonymous_0)","decl":{"start":{"line":5,"column":33},"end":{"line":5,"column":34}},"loc":{"start":{"line":5,"column":48},"end":{"line":32,"column":1}},"line":5},"1":{"name":"(anonymous_1)","decl":{"start":{"line":14,"column":10},"end":{"line":14,"column":18}},"loc":{"start":{"line":14,"column":22},"end":{"line":19,"column":5}},"line":14},"2":{"name":"(anonymous_2)","decl":{"start":{"line":22,"column":38},"end":{"line":22,"column":46}},"loc":{"start":{"line":22,"column":50},"end":{"line":26,"column":3}},"line":22},"3":{"name":"(anonymous_3)","decl":{"start":{"line":28,"column":50},"end":{"line":28,"column":58}},"loc":{"start":{"line":28,"column":62},"end":{"line":31,"column":3}},"line":28},"4":{"name":"(anonymous_4)","decl":{"start":{"line":35,"column":35},"end":{"line":35,"column":36}},"loc":{"start":{"line":35,"column":50},"end":{"line":402,"column":1}},"line":35},"5":{"name":"(anonymous_5)","decl":{"start":{"line":101,"column":13},"end":{"line":101,"column":21}},"loc":{"start":{"line":101,"column":25},"end":{"line":108,"column":3}},"line":101},"6":{"name":"ascendingSort","decl":{"start":{"line":111,"column":11},"end":{"line":111,"column":24}},"loc":{"start":{"line":111,"column":31},"end":{"line":115,"column":null}},"line":111},"7":{"name":"(anonymous_7)","decl":{"start":{"line":124,"column":25},"end":{"line":124,"column":33}},"loc":{"start":{"line":124,"column":38},"end":{"line":130,"column":3}},"line":124},"8":{"name":"(anonymous_8)","decl":{"start":{"line":133,"column":24},"end":{"line":133,"column":32}},"loc":{"start":{"line":133,"column":37},"end":{"line":137,"column":3}},"line":133},"9":{"name":"(anonymous_9)","decl":{"start":{"line":152,"column":27},"end":{"line":152,"column":35}},"loc":{"start":{"line":152,"column":40},"end":{"line":243,"column":3}},"line":152},"10":{"name":"(anonymous_10)","decl":{"start":{"line":246,"column":31},"end":{"line":246,"column":39}},"loc":{"start":{"line":246,"column":44},"end":{"line":262,"column":3}},"line":246},"11":{"name":"(anonymous_11)","decl":{"start":{"line":252,"column":51},"end":{"line":252,"column":52}},"loc":{"start":{"line":252,"column":57},"end":{"line":254,"column":7}},"line":252},"12":{"name":"(anonymous_12)","decl":{"start":{"line":265,"column":33},"end":{"line":265,"column":41}},"loc":{"start":{"line":265,"column":46},"end":{"line":269,"column":3}},"line":265},"13":{"name":"(anonymous_13)","decl":{"start":{"line":272,"column":45},"end":{"line":272,"column":53}},"loc":{"start":{"line":272,"column":58},"end":{"line":278,"column":3}},"line":272},"14":{"name":"(anonymous_14)","decl":{"start":{"line":274,"column":44},"end":{"line":274,"column":52}},"loc":{"start":{"line":274,"column":56},"end":{"line":277,"column":5}},"line":274},"15":{"name":"(anonymous_15)","decl":{"start":{"line":281,"column":27},"end":{"line":281,"column":35}},"loc":{"start":{"line":281,"column":40},"end":{"line":288,"column":3}},"line":281},"16":{"name":"(anonymous_16)","decl":{"start":{"line":291,"column":31},"end":{"line":291,"column":39}},"loc":{"start":{"line":291,"column":44},"end":{"line":296,"column":3}},"line":291},"17":{"name":"importGameSettings","decl":{"start":{"line":298,"column":11},"end":{"line":298,"column":29}},"loc":{"start":{"line":298,"column":32},"end":{"line":329,"column":null}},"line":298},"18":{"name":"(anonymous_18)","decl":{"start":{"line":305,"column":32},"end":{"line":305,"column":37}},"loc":{"start":{"line":305,"column":50},"end":{"line":328,"column":5}},"line":305},"19":{"name":"(anonymous_19)","decl":{"start":{"line":332,"column":34},"end":{"line":332,"column":42}},"loc":{"start":{"line":332,"column":47},"end":{"line":385,"column":3}},"line":332},"20":{"name":"(anonymous_20)","decl":{"start":{"line":378,"column":36},"end":{"line":378,"column":44}},"loc":{"start":{"line":378,"column":48},"end":{"line":382,"column":5}},"line":378},"21":{"name":"isJSON","decl":{"start":{"line":388,"column":11},"end":{"line":388,"column":17}},"loc":{"start":{"line":388,"column":23},"end":{"line":396,"column":null}},"line":388},"22":{"name":"(anonymous_22)","decl":{"start":{"line":405,"column":19},"end":{"line":405,"column":20}},"loc":{"start":{"line":405,"column":25},"end":{"line":414,"column":1}},"line":405}},"branchMap":{"0":{"loc":{"start":{"line":23,"column":4},"end":{"line":25,"column":null}},"type":"if","locations":[{"start":{"line":23,"column":4},"end":{"line":25,"column":null}},{"start":{},"end":{}}],"line":23},"1":{"loc":{"start":{"line":40,"column":2},"end":{"line":42,"column":null}},"type":"if","locations":[{"start":{"line":40,"column":2},"end":{"line":42,"column":null}},{"start":{},"end":{}}],"line":40},"2":{"loc":{"start":{"line":40,"column":6},"end":{"line":40,"column":44}},"type":"binary-expr","locations":[{"start":{"line":40,"column":6},"end":{"line":40,"column":18}},{"start":{"line":40,"column":22},"end":{"line":40,"column":44}}],"line":40},"3":{"loc":{"start":{"line":112,"column":18},"end":{"line":112,"column":56}},"type":"binary-expr","locations":[{"start":{"line":112,"column":18},"end":{"line":112,"column":50}},{"start":{"line":112,"column":54},"end":{"line":112,"column":56}}],"line":112},"4":{"loc":{"start":{"line":113,"column":18},"end":{"line":113,"column":56}},"type":"binary-expr","locations":[{"start":{"line":113,"column":18},"end":{"line":113,"column":50}},{"start":{"line":113,"column":54},"end":{"line":113,"column":56}}],"line":113},"5":{"loc":{"start":{"line":114,"column":11},"end":{"line":114,"column":53}},"type":"cond-expr","locations":[{"start":{"line":114,"column":27},"end":{"line":114,"column":29}},{"start":{"line":114,"column":32},"end":{"line":114,"column":53}}],"line":114},"6":{"loc":{"start":{"line":114,"column":32},"end":{"line":114,"column":53}},"type":"cond-expr","locations":[{"start":{"line":114,"column":48},"end":{"line":114,"column":49}},{"start":{"line":114,"column":52},"end":{"line":114,"column":53}}],"line":114},"7":{"loc":{"start":{"line":118,"column":2},"end":{"line":121,"column":null}},"type":"if","locations":[{"start":{"line":118,"column":2},"end":{"line":121,"column":null}},{"start":{},"end":{}}],"line":118},"8":{"loc":{"start":{"line":177,"column":6},"end":{"line":179,"column":null}},"type":"if","locations":[{"start":{"line":177,"column":6},"end":{"line":179,"column":null}},{"start":{},"end":{}}],"line":177},"9":{"loc":{"start":{"line":182,"column":6},"end":{"line":184,"column":null}},"type":"if","locations":[{"start":{"line":182,"column":6},"end":{"line":184,"column":null}},{"start":{},"end":{}}],"line":182},"10":{"loc":{"start":{"line":186,"column":6},"end":{"line":190,"column":null}},"type":"if","locations":[{"start":{"line":186,"column":6},"end":{"line":190,"column":null}},{"start":{"line":188,"column":13},"end":{"line":190,"column":null}}],"line":186},"11":{"loc":{"start":{"line":208,"column":6},"end":{"line":210,"column":null}},"type":"if","locations":[{"start":{"line":208,"column":6},"end":{"line":210,"column":null}},{"start":{},"end":{}}],"line":208},"12":{"loc":{"start":{"line":213,"column":6},"end":{"line":215,"column":null}},"type":"if","locations":[{"start":{"line":213,"column":6},"end":{"line":215,"column":null}},{"start":{},"end":{}}],"line":213},"13":{"loc":{"start":{"line":217,"column":6},"end":{"line":221,"column":null}},"type":"if","locations":[{"start":{"line":217,"column":6},"end":{"line":221,"column":null}},{"start":{"line":219,"column":13},"end":{"line":221,"column":null}}],"line":217},"14":{"loc":{"start":{"line":251,"column":4},"end":{"line":260,"column":null}},"type":"if","locations":[{"start":{"line":251,"column":4},"end":{"line":260,"column":null}},{"start":{"line":255,"column":11},"end":{"line":260,"column":null}}],"line":251},"15":{"loc":{"start":{"line":251,"column":8},"end":{"line":251,"column":53}},"type":"binary-expr","locations":[{"start":{"line":251,"column":8},"end":{"line":251,"column":27}},{"start":{"line":251,"column":31},"end":{"line":251,"column":53}}],"line":251},"16":{"loc":{"start":{"line":300,"column":4},"end":{"line":303,"column":null}},"type":"if","locations":[{"start":{"line":300,"column":4},"end":{"line":303,"column":null}},{"start":{},"end":{}}],"line":300},"17":{"loc":{"start":{"line":335,"column":4},"end":{"line":366,"column":null}},"type":"if","locations":[{"start":{"line":335,"column":4},"end":{"line":366,"column":null}},{"start":{},"end":{}}],"line":335},"18":{"loc":{"start":{"line":338,"column":6},"end":{"line":341,"column":null}},"type":"if","locations":[{"start":{"line":338,"column":6},"end":{"line":341,"column":null}},{"start":{},"end":{}}],"line":338},"19":{"loc":{"start":{"line":338,"column":10},"end":{"line":338,"column":51}},"type":"binary-expr","locations":[{"start":{"line":338,"column":10},"end":{"line":338,"column":22}},{"start":{"line":338,"column":26},"end":{"line":338,"column":51}}],"line":338},"20":{"loc":{"start":{"line":343,"column":6},"end":{"line":365,"column":null}},"type":"if","locations":[{"start":{"line":343,"column":6},"end":{"line":365,"column":null}},{"start":{"line":362,"column":13},"end":{"line":365,"column":null}}],"line":343},"21":{"loc":{"start":{"line":349,"column":10},"end":{"line":356,"column":null}},"type":"if","locations":[{"start":{"line":349,"column":10},"end":{"line":356,"column":null}},{"start":{"line":353,"column":17},"end":{"line":356,"column":null}}],"line":349},"22":{"loc":{"start":{"line":349,"column":14},"end":{"line":349,"column":95}},"type":"binary-expr","locations":[{"start":{"line":349,"column":14},"end":{"line":349,"column":45}},{"start":{"line":349,"column":49},"end":{"line":349,"column":95}}],"line":349},"23":{"loc":{"start":{"line":389,"column":4},"end":{"line":389,"column":null}},"type":"if","locations":[{"start":{"line":389,"column":4},"end":{"line":389,"column":null}},{"start":{},"end":{}}],"line":389},"24":{"loc":{"start":{"line":399,"column":2},"end":{"line":401,"column":null}},"type":"if","locations":[{"start":{"line":399,"column":2},"end":{"line":401,"column":null}},{"start":{},"end":{}}],"line":399}},"s":{"0":4,"1":4,"2":0,"3":0,"4":0,"5":0,"6":0,"7":0,"8":0,"9":0,"10":0,"11":4,"12":2,"13":2,"14":2,"15":2,"16":2,"17":2,"18":2,"19":2,"20":2,"21":2,"22":2,"23":2,"24":2,"25":2,"26":2,"27":2,"28":2,"29":2,"30":2,"31":2,"32":5,"33":5,"34":5,"35":3,"36":3,"37":3,"38":2,"39":2,"40":2,"41":2,"42":2,"43":1,"44":1,"45":1,"46":2,"47":1,"48":1,"49":1,"50":2,"51":2,"52":2,"53":2,"54":2,"55":2,"56":2,"57":2,"58":2,"59":2,"60":1,"61":1,"62":1,"63":1,"64":1,"65":1,"66":1,"67":1,"68":1,"69":1,"70":1,"71":1,"72":1,"73":1,"74":1,"75":1,"76":1,"77":1,"78":1,"79":1,"80":1,"81":0,"82":1,"83":1,"84":0,"85":1,"86":1,"87":1,"88":1,"89":1,"90":1,"91":1,"92":1,"93":1,"94":1,"95":1,"96":1,"97":1,"98":1,"99":1,"100":0,"101":1,"102":1,"103":1,"104":1,"105":1,"106":1,"107":1,"108":2,"109":0,"110":0,"111":0,"112":0,"113":0,"114":0,"115":0,"116":0,"117":0,"118":2,"119":0,"120":0,"121":0,"122":2,"123":0,"124":0,"125":0,"126":0,"127":2,"128":0,"129":0,"130":0,"131":0,"132":0,"133":0,"134":2,"135":0,"136":0,"137":0,"138":0,"139":0,"140":0,"141":0,"142":0,"143":0,"144":0,"145":0,"146":0,"147":0,"148":0,"149":0,"150":0,"151":0,"152":0,"153":0,"154":0,"155":0,"156":0,"157":2,"158":0,"159":0,"160":0,"161":0,"162":0,"163":0,"164":0,"165":0,"166":0,"167":0,"168":0,"169":0,"170":0,"171":0,"172":0,"173":0,"174":0,"175":0,"176":0,"177":0,"178":0,"179":0,"180":0,"181":0,"182":0,"183":0,"184":0,"185":0,"186":0,"187":0,"188":0,"189":0,"190":0,"191":0,"192":0,"193":0,"194":0,"195":2,"196":0,"197":4,"198":1},"f":{"0":0,"1":0,"2":0,"3":0,"4":2,"5":5,"6":3,"7":1,"8":1,"9":1,"10":0,"11":0,"12":0,"13":0,"14":0,"15":0,"16":0,"17":0,"18":0,"19":0,"20":0,"21":0,"22":1},"b":{"0":[0,0],"1":[2,0],"2":[2,0],"3":[3,0],"4":[3,0],"5":[0,3],"6":[3,0],"7":[2,0],"8":[1,0],"9":[0,1],"10":[1,0],"11":[1,0],"12":[1,0],"13":[1,0],"14":[0,0],"15":[0,0],"16":[0,0],"17":[0,0],"18":[0,0],"19":[0,0],"20":[0,0],"21":[0,0],"22":[0,0],"23":[0,0],"24":[0,2]},"meta":{"lastBranch":25,"lastFunction":23,"lastStatement":199,"seen":{"s:2:24:2:26":0,"s:5:0:32:Infinity":1,"f:5:33:5:34":0,"s:7:2:7:Infinity":2,"s:10:2:19:Infinity":3,"f:14:10:14:18":1,"s:15:6:18:Infinity":4,"s:22:2:26:Infinity":5,"f:22:38:22:46":2,"b:23:4:25:Infinity:undefined:undefined:undefined:undefined":0,"s:23:4:25:Infinity":6,"s:24:6:24:Infinity":7,"s:28:2:31:Infinity":8,"f:28:50:28:58":3,"s:29:21:29:77":9,"s:30:4:30:Infinity":10,"s:35:0:402:Infinity":11,"f:35:35:35:36":4,"s:37:2:37:Infinity":12,"s:39:13:39:30":13,"b:40:2:42:Infinity:undefined:undefined:undefined:undefined":1,"s:40:2:42:Infinity":14,"b:40:6:40:18:40:22:40:44":2,"s:41:4:41:Infinity":15,"s:45:18:47:14":16,"s:49:17:51:14":17,"s:53:20:55:50":18,"s:57:20:59:50":19,"s:61:24:65:24":20,"s:67:24:71:24":21,"s:73:22:79:30":22,"s:81:22:83:66":23,"s:86:2:86:Infinity":24,"s:87:2:89:Infinity":25,"s:90:2:90:Infinity":26,"s:92:2:94:Infinity":27,"s:96:21:96:54":28,"s:97:20:97:52":29,"s:100:16:100:43":30,"s:101:2:108:Infinity":31,"f:101:13:101:21":5,"s:102:24:102:38":32,"s:103:24:106:25":33,"s:107:4:107:Infinity":34,"f:111:11:111:24":6,"s:112:18:112:56":35,"b:112:18:112:50:112:54:112:56":3,"s:113:18:113:56":36,"b:113:18:113:50:113:54:113:56":4,"s:114:4:114:Infinity":37,"b:114:27:114:29:114:32:114:53":5,"b:114:48:114:49:114:52:114:53":6,"s:117:22:117:84":38,"b:118:2:121:Infinity:undefined:undefined:undefined:undefined":7,"s:118:2:121:Infinity":39,"s:119:19:119:47":40,"s:120:4:120:Infinity":41,"s:124:2:130:Infinity":42,"f:124:25:124:33":7,"s:125:4:125:Infinity":43,"s:126:21:128:5":44,"s:129:4:129:Infinity":45,"s:133:2:137:Infinity":46,"f:133:24:133:32":8,"s:134:4:134:Infinity":47,"s:135:21:135:65":48,"s:136:4:136:Infinity":49,"s:140:24:140:26":50,"s:141:15:141:17":51,"s:142:21:142:26":52,"s:144:23:144:51":53,"s:145:23:145:51":54,"s:146:27:146:60":55,"s:147:29:147:64":56,"s:148:27:148:60":57,"s:149:30:149:66":58,"s:152:2:243:Infinity":59,"f:152:27:152:35":9,"s:153:4:153:Infinity":60,"s:156:23:156:25":61,"s:157:25:157:27":62,"s:158:4:158:Infinity":63,"s:159:4:159:Infinity":64,"s:161:24:161:26":65,"s:162:26:162:28":66,"s:163:29:163:97":67,"s:164:31:164:111":68,"s:166:4:166:Infinity":69,"s:167:4:167:Infinity":70,"s:170:4:198:Infinity":71,"s:170:17:170:18":72,"s:171:23:171:45":73,"s:172:24:172:52":74,"s:173:26:173:72":75,"s:174:23:174:44":76,"s:175:20:175:64":77,"b:177:6:179:Infinity:undefined:undefined:undefined:undefined":8,"s:177:6:179:Infinity":78,"s:178:8:178:Infinity":79,"b:182:6:184:Infinity:undefined:undefined:undefined:undefined":9,"s:182:6:184:Infinity":80,"s:183:8:183:Infinity":81,"b:186:6:190:Infinity:188:13:190:Infinity":10,"s:186:6:190:Infinity":82,"s:187:8:187:Infinity":83,"s:189:8:189:Infinity":84,"s:192:24:196:7":85,"s:197:6:197:Infinity":86,"s:201:4:229:Infinity":87,"s:201:17:201:18":88,"s:202:23:202:47":89,"s:203:24:203:52":90,"s:204:26:204:72":91,"s:205:23:205:44":92,"s:206:20:206:64":93,"b:208:6:210:Infinity:undefined:undefined:undefined:undefined":11,"s:208:6:210:Infinity":94,"s:209:8:209:Infinity":95,"b:213:6:215:Infinity:undefined:undefined:undefined:undefined":12,"s:213:6:215:Infinity":96,"s:214:8:214:Infinity":97,"b:217:6:221:Infinity:219:13:221:Infinity":13,"s:217:6:221:Infinity":98,"s:218:8:218:Infinity":99,"s:220:8:220:Infinity":100,"s:223:24:227:7":101,"s:228:6:228:Infinity":102,"s:232:20:232:120":103,"s:233:4:238:Infinity":104,"s:240:4:240:Infinity":105,"s:241:4:241:Infinity":106,"s:242:4:242:Infinity":107,"s:246:2:262:Infinity":108,"f:246:31:246:39":10,"s:247:4:247:Infinity":109,"s:248:21:248:48":110,"b:251:4:260:Infinity:255:11:260:Infinity":14,"s:251:4:260:Infinity":111,"b:251:8:251:27:251:31:251:53":15,"s:252:6:254:Infinity":112,"f:252:51:252:52":11,"s:253:8:253:Infinity":113,"s:257:6:257:Infinity":114,"s:258:6:258:Infinity":115,"s:259:6:259:Infinity":116,"s:261:4:261:Infinity":117,"s:265:2:269:Infinity":118,"f:265:33:265:41":12,"s:266:4:266:Infinity":119,"s:267:27:267:56":120,"s:268:4:268:Infinity":121,"s:272:2:278:Infinity":122,"f:272:45:272:53":13,"s:273:4:273:Infinity":123,"s:274:4:277:Infinity":124,"f:274:44:274:52":14,"s:275:6:275:Infinity":125,"s:276:6:276:Infinity":126,"s:281:2:288:Infinity":127,"f:281:27:281:35":15,"s:282:4:282:Infinity":128,"s:283:4:283:Infinity":129,"s:284:4:284:Infinity":130,"s:285:4:285:Infinity":131,"s:286:4:286:Infinity":132,"s:287:4:287:Infinity":133,"s:291:2:296:Infinity":134,"f:291:31:291:39":16,"s:292:4:292:Infinity":135,"s:293:18:293:57":136,"s:294:4:294:Infinity":137,"s:295:4:295:Infinity":138,"f:298:11:298:29":17,"s:299:17:299:30":139,"b:300:4:303:Infinity:undefined:undefined:undefined:undefined":16,"s:300:4:303:Infinity":140,"s:301:6:301:Infinity":141,"s:302:6:302:Infinity":142,"s:305:4:328:Infinity":143,"f:305:32:305:37":18,"s:306:6:327:Infinity":144,"s:307:8:307:Infinity":145,"s:308:34:308:52":146,"s:309:22:309:59":147,"s:311:8:311:Infinity":148,"s:312:8:315:Infinity":149,"s:312:21:312:22":150,"s:313:10:313:Infinity":151,"s:314:10:314:Infinity":152,"s:317:8:322:Infinity":153,"s:323:8:323:Infinity":154,"s:325:8:325:Infinity":155,"s:326:8:326:Infinity":156,"s:332:2:385:Infinity":157,"f:332:34:332:42":19,"s:333:4:333:Infinity":158,"b:335:4:366:Infinity:undefined:undefined:undefined:undefined":17,"s:335:4:366:Infinity":159,"s:336:26:336:72":160,"b:338:6:341:Infinity:undefined:undefined:undefined:undefined":18,"s:338:6:341:Infinity":161,"b:338:10:338:22:338:26:338:51":19,"s:339:8:339:Infinity":162,"s:340:8:340:Infinity":163,"b:343:6:365:Infinity:362:13:365:Infinity":20,"s:343:6:365:Infinity":164,"s:344:8:344:Infinity":165,"s:345:8:361:Infinity":166,"s:346:36:346:59":167,"s:347:10:347:Infinity":168,"b:349:10:356:Infinity:353:17:356:Infinity":21,"s:349:10:356:Infinity":169,"b:349:14:349:45:349:49:349:95":22,"s:350:12:352:Infinity":170,"s:350:25:350:26":171,"s:351:14:351:Infinity":172,"s:354:12:354:Infinity":173,"s:355:12:355:Infinity":174,"s:358:10:358:Infinity":175,"s:359:10:359:Infinity":176,"s:360:10:360:Infinity":177,"s:363:8:363:Infinity":178,"s:364:8:364:Infinity":179,"s:369:4:369:Infinity":180,"s:372:4:376:Infinity":181,"s:372:17:372:18":182,"s:373:6:375:Infinity":183,"s:378:4:382:Infinity":184,"f:378:36:378:44":20,"s:379:6:379:Infinity":185,"s:380:6:380:Infinity":186,"s:381:6:381:Infinity":187,"s:384:4:384:Infinity":188,"f:388:11:388:17":21,"b:389:4:389:Infinity:undefined:undefined:undefined:undefined":23,"s:389:4:389:Infinity":189,"s:389:27:389:Infinity":190,"s:390:4:395:Infinity":191,"s:391:6:391:Infinity":192,"s:392:6:392:Infinity":193,"s:394:6:394:Infinity":194,"b:399:2:401:Infinity:undefined:undefined:undefined:undefined":24,"s:399:2:401:Infinity":195,"s:400:4:400:Infinity":196,"s:405:0:414:Infinity":197,"f:405:19:405:20":22,"s:406:2:413:Infinity":198}}}
}
